# JRE version: Java(TM) SE Runtime Environment (8.0_91-b15) (build 1.8.0_91-b15)
# Java VM: Java HotSpot(TM) 64-Bit Server VM (25.91-b15 mixed mode windows-amd64 compressed oops)
Heap:
 PSYoungGen      total 588288K, used 73966K [0x00000000d6e00000, 0x0000000100000000, 0x0000000100000000)
  eden space 529408K, 2% used [0x00000000d6e00000,0x00000000d7cd11f8,0x00000000f7300000)
  from space 58880K, 99% used [0x00000000f7300000,0x00000000fac6a7d8,0x00000000fac80000)
  to   space 78848K, 0% used [0x00000000fb300000,0x00000000fb300000,0x0000000100000000)
 ParOldGen       total 323072K, used 218311K [0x0000000084a00000, 0x0000000098580000, 0x00000000d6e00000)
  object space 323072K, 67% used [0x0000000084a00000,0x0000000091f31f30,0x0000000098580000)
 Metaspace       used 45001K, capacity 45368K, committed 45696K, reserved 1089536K
  class space    used 6298K, capacity 6411K, committed 6528K, reserved 1048576K
GC Heap History (10 events):
Event: 33.919 GC heap before
{Heap before GC invocations=19 (full 3):
 PSYoungGen      total 621056K, used 620701K [0x00000000d6e00000, 0x0000000100000000, 0x0000000100000000)
  eden space 584704K, 100% used [0x00000000d6e00000,0x00000000fa900000,0x00000000fa900000)
  from space 36352K, 99% used [0x00000000fa900000,0x00000000fcc275e8,0x00000000fcc80000)
  to   space 48640K, 0% used [0x00000000fd080000,0x00000000fd080000,0x0000000100000000)
 ParOldGen       total 181248K, used 135328K [0x0000000084a00000, 0x000000008fb00000, 0x00000000d6e00000)
  object space 181248K, 74% used [0x0000000084a00000,0x000000008ce282f8,0x000000008fb00000)
 Metaspace       used 44925K, capacity 45368K, committed 45696K, reserved 1089536K
  class space    used 6298K, capacity 6411K, committed 6528K, reserved 1048576K
Event: 33.952 GC heap after
Heap after GC invocations=19 (full 3):
 PSYoungGen      total 596480K, used 48611K [0x00000000d6e00000, 0x0000000100000000, 0x0000000100000000)
  eden space 547840K, 0% used [0x00000000d6e00000,0x00000000d6e00000,0x00000000f8500000)
  from space 48640K, 99% used [0x00000000fd080000,0x00000000ffff8e28,0x0000000100000000)
  to   space 62976K, 0% used [0x00000000f8500000,0x00000000f8500000,0x00000000fc280000)
 ParOldGen       total 181248K, used 154195K [0x0000000084a00000, 0x000000008fb00000, 0x00000000d6e00000)
  object space 181248K, 85% used [0x0000000084a00000,0x000000008e094f38,0x000000008fb00000)
 Metaspace       used 44925K, capacity 45368K, committed 45696K, reserved 1089536K
  class space    used 6298K, capacity 6411K, committed 6528K, reserved 1048576K
}
Event: 33.952 GC heap before
{Heap before GC invocations=20 (full 4):
 PSYoungGen      total 596480K, used 48611K [0x00000000d6e00000, 0x0000000100000000, 0x0000000100000000)
  eden space 547840K, 0% used [0x00000000d6e00000,0x00000000d6e00000,0x00000000f8500000)
  from space 48640K, 99% used [0x00000000fd080000,0x00000000ffff8e28,0x0000000100000000)
  to   space 62976K, 0% used [0x00000000f8500000,0x00000000f8500000,0x00000000fc280000)
 ParOldGen       total 181248K, used 154195K [0x0000000084a00000, 0x000000008fb00000, 0x00000000d6e00000)
  object space 181248K, 85% used [0x0000000084a00000,0x000000008e094f38,0x000000008fb00000)
 Metaspace       used 44925K, capacity 45368K, committed 45696K, reserved 1089536K
  class space    used 6298K, capacity 6411K, committed 6528K, reserved 1048576K
Event: 34.128 GC heap after
Heap after GC invocations=20 (full 4):
 PSYoungGen      total 596480K, used 8558K [0x00000000d6e00000, 0x0000000100000000, 0x0000000100000000)
  eden space 547840K, 0% used [0x00000000d6e00000,0x00000000d6e00000,0x00000000f8500000)
  from space 48640K, 17% used [0x00000000fd080000,0x00000000fd8db9e0,0x0000000100000000)
  to   space 62976K, 0% used [0x00000000f8500000,0x00000000f8500000,0x00000000fc280000)
 ParOldGen       total 323072K, used 180847K [0x0000000084a00000, 0x0000000098580000, 0x00000000d6e00000)
  object space 323072K, 55% used [0x0000000084a00000,0x000000008fa9bf30,0x0000000098580000)
 Metaspace       used 44925K, capacity 45368K, committed 45696K, reserved 1089536K
  class space    used 6298K, capacity 6411K, committed 6528K, reserved 1048576K
}
Event: 37.694 GC heap before
{Heap before GC invocations=21 (full 4):
 PSYoungGen      total 596480K, used 556398K [0x00000000d6e00000, 0x0000000100000000, 0x0000000100000000)
  eden space 547840K, 100% used [0x00000000d6e00000,0x00000000f8500000,0x00000000f8500000)
  from space 48640K, 17% used [0x00000000fd080000,0x00000000fd8db9e0,0x0000000100000000)
  to   space 62976K, 0% used [0x00000000f8500000,0x00000000f8500000,0x00000000fc280000)
 ParOldGen       total 323072K, used 180847K [0x0000000084a00000, 0x0000000098580000, 0x00000000d6e00000)
  object space 323072K, 55% used [0x0000000084a00000,0x000000008fa9bf30,0x0000000098580000)
 Metaspace       used 44937K, capacity 45368K, committed 45696K, reserved 1089536K
  class space    used 6298K, capacity 6411K, committed 6528K, reserved 1048576K
Event: 37.737 GC heap after
Heap after GC invocations=21 (full 4):
 PSYoungGen      total 610816K, used 34634K [0x00000000d6e00000, 0x0000000100000000, 0x0000000100000000)
  eden space 547840K, 0% used [0x00000000d6e00000,0x00000000d6e00000,0x00000000f8500000)
  from space 62976K, 54% used [0x00000000f8500000,0x00000000fa6d2848,0x00000000fc280000)
  to   space 62976K, 0% used [0x00000000fc280000,0x00000000fc280000,0x0000000100000000)
 ParOldGen       total 323072K, used 190295K [0x0000000084a00000, 0x0000000098580000, 0x00000000d6e00000)
  object space 323072K, 58% used [0x0000000084a00000,0x00000000903d5f30,0x0000000098580000)
 Metaspace       used 44937K, capacity 45368K, committed 45696K, reserved 1089536K
  class space    used 6298K, capacity 6411K, committed 6528K, reserved 1048576K
}
Event: 40.559 GC heap before
{Heap before GC invocations=22 (full 4):
 PSYoungGen      total 610816K, used 582474K [0x00000000d6e00000, 0x0000000100000000, 0x0000000100000000)
  eden space 547840K, 100% used [0x00000000d6e00000,0x00000000f8500000,0x00000000f8500000)
  from space 62976K, 54% used [0x00000000f8500000,0x00000000fa6d2848,0x00000000fc280000)
  to   space 62976K, 0% used [0x00000000fc280000,0x00000000fc280000,0x0000000100000000)
 ParOldGen       total 323072K, used 190295K [0x0000000084a00000, 0x0000000098580000, 0x00000000d6e00000)
  object space 323072K, 58% used [0x0000000084a00000,0x00000000903d5f30,0x0000000098580000)
 Metaspace       used 44941K, capacity 45368K, committed 45696K, reserved 1089536K
  class space    used 6298K, capacity 6411K, committed 6528K, reserved 1048576K
Event: 40.597 GC heap after
Heap after GC invocations=22 (full 4):
 PSYoungGen      total 592384K, used 60778K [0x00000000d6e00000, 0x0000000100000000, 0x0000000100000000)
  eden space 529408K, 0% used [0x00000000d6e00000,0x00000000d6e00000,0x00000000f7300000)
  from space 62976K, 96% used [0x00000000fc280000,0x00000000ffddaa58,0x0000000100000000)
  to   space 72192K, 0% used [0x00000000f7300000,0x00000000f7300000,0x00000000fb980000)
 ParOldGen       total 323072K, used 190303K [0x0000000084a00000, 0x0000000098580000, 0x00000000d6e00000)
  object space 323072K, 58% used [0x0000000084a00000,0x00000000903d7f30,0x0000000098580000)
 Metaspace       used 44941K, capacity 45368K, committed 45696K, reserved 1089536K
  class space    used 6298K, capacity 6411K, committed 6528K, reserved 1048576K
}
Event: 43.344 GC heap before
{Heap before GC invocations=23 (full 4):
 PSYoungGen      total 592384K, used 590186K [0x00000000d6e00000, 0x0000000100000000, 0x0000000100000000)
  eden space 529408K, 100% used [0x00000000d6e00000,0x00000000f7300000,0x00000000f7300000)
  from space 62976K, 96% used [0x00000000fc280000,0x00000000ffddaa58,0x0000000100000000)
  to   space 72192K, 0% used [0x00000000f7300000,0x00000000f7300000,0x00000000fb980000)
 ParOldGen       total 323072K, used 190303K [0x0000000084a00000, 0x0000000098580000, 0x00000000d6e00000)
  object space 323072K, 58% used [0x0000000084a00000,0x00000000903d7f30,0x0000000098580000)
 Metaspace       used 45001K, capacity 45368K, committed 45696K, reserved 1089536K
  class space    used 6298K, capacity 6411K, committed 6528K, reserved 1048576K
Event: 43.382 GC heap after
Heap after GC invocations=23 (full 4):
 PSYoungGen      total 588288K, used 58793K [0x00000000d6e00000, 0x0000000100000000, 0x0000000100000000)
  eden space 529408K, 0% used [0x00000000d6e00000,0x00000000d6e00000,0x00000000f7300000)
  from space 58880K, 99% used [0x00000000f7300000,0x00000000fac6a7d8,0x00000000fac80000)
  to   space 78848K, 0% used [0x00000000fb300000,0x00000000fb300000,0x0000000100000000)
 ParOldGen       total 323072K, used 218311K [0x0000000084a00000, 0x0000000098580000, 0x00000000d6e00000)
  object space 323072K, 67% used [0x0000000084a00000,0x0000000091f31f30,0x0000000098580000)
 Metaspace       used 45001K, capacity 45368K, committed 45696K, reserved 1089536K
  class space    used 6298K, capacity 6411K, committed 6528K, reserved 1048576K
}

