# JRE version: Java(TM) SE Runtime Environment (8.0_91-b15) (build 1.8.0_91-b15)
# Java VM: Java HotSpot(TM) 64-Bit Server VM (25.91-b15 mixed mode windows-amd64 compressed oops)
Heap:
 PSYoungGen      total 560128K, used 107177K [0x00000000d6e00000, 0x0000000100000000, 0x0000000100000000)
  eden space 480256K, 5% used [0x00000000d6e00000,0x00000000d88ab6c0,0x00000000f4300000)
  from space 79872K, 99% used [0x00000000fb200000,0x00000000ffffed98,0x0000000100000000)
  to   space 96768K, 0% used [0x00000000f4300000,0x00000000f4300000,0x00000000fa180000)
 ParOldGen       total 333312K, used 198220K [0x0000000084a00000, 0x0000000098f80000, 0x00000000d6e00000)
  object space 333312K, 59% used [0x0000000084a00000,0x0000000090b93328,0x0000000098f80000)
 Metaspace       used 45003K, capacity 45432K, committed 45696K, reserved 1089536K
  class space    used 6298K, capacity 6411K, committed 6528K, reserved 1048576K
GC Heap History (10 events):
Event: 34.800 GC heap before
{Heap before GC invocations=32 (full 4):
 PSYoungGen      total 470528K, used 38380K [0x00000000d6e00000, 0x00000000f7a80000, 0x0000000100000000)
  eden space 413184K, 0% used [0x00000000d6e00000,0x00000000d6e00000,0x00000000f0180000)
  from space 57344K, 66% used [0x00000000f3b80000,0x00000000f60fb128,0x00000000f7380000)
  to   space 59392K, 0% used [0x00000000f0180000,0x00000000f0180000,0x00000000f3b80000)
 ParOldGen       total 179200K, used 175756K [0x0000000084a00000, 0x000000008f900000, 0x00000000d6e00000)
  object space 179200K, 98% used [0x0000000084a00000,0x000000008f5a3138,0x000000008f900000)
 Metaspace       used 44923K, capacity 45304K, committed 45696K, reserved 1089536K
  class space    used 6297K, capacity 6411K, committed 6528K, reserved 1048576K
Event: 34.993 GC heap after
Heap after GC invocations=32 (full 4):
 PSYoungGen      total 470528K, used 12490K [0x00000000d6e00000, 0x00000000f7a80000, 0x0000000100000000)
  eden space 413184K, 0% used [0x00000000d6e00000,0x00000000d6e00000,0x00000000f0180000)
  from space 57344K, 21% used [0x00000000f3b80000,0x00000000f47b2a88,0x00000000f7380000)
  to   space 59392K, 0% used [0x00000000f0180000,0x00000000f0180000,0x00000000f3b80000)
 ParOldGen       total 333312K, used 178826K [0x0000000084a00000, 0x0000000098f80000, 0x00000000d6e00000)
  object space 333312K, 53% used [0x0000000084a00000,0x000000008f8a2968,0x0000000098f80000)
 Metaspace       used 44923K, capacity 45304K, committed 45696K, reserved 1089536K
  class space    used 6297K, capacity 6411K, committed 6528K, reserved 1048576K
}
Event: 37.409 GC heap before
{Heap before GC invocations=33 (full 4):
 PSYoungGen      total 470528K, used 425674K [0x00000000d6e00000, 0x00000000f7a80000, 0x0000000100000000)
  eden space 413184K, 100% used [0x00000000d6e00000,0x00000000f0180000,0x00000000f0180000)
  from space 57344K, 21% used [0x00000000f3b80000,0x00000000f47b2a88,0x00000000f7380000)
  to   space 59392K, 0% used [0x00000000f0180000,0x00000000f0180000,0x00000000f3b80000)
 ParOldGen       total 333312K, used 178826K [0x0000000084a00000, 0x0000000098f80000, 0x00000000d6e00000)
  object space 333312K, 53% used [0x0000000084a00000,0x000000008f8a2968,0x0000000098f80000)
 Metaspace       used 44950K, capacity 45368K, committed 45696K, reserved 1089536K
  class space    used 6297K, capacity 6411K, committed 6528K, reserved 1048576K
Event: 37.443 GC heap after
Heap after GC invocations=33 (full 4):
 PSYoungGen      total 472576K, used 35728K [0x00000000d6e00000, 0x00000000fae80000, 0x0000000100000000)
  eden space 413184K, 0% used [0x00000000d6e00000,0x00000000d6e00000,0x00000000f0180000)
  from space 59392K, 60% used [0x00000000f0180000,0x00000000f2464328,0x00000000f3b80000)
  to   space 59904K, 0% used [0x00000000f7400000,0x00000000f7400000,0x00000000fae80000)
 ParOldGen       total 333312K, used 178834K [0x0000000084a00000, 0x0000000098f80000, 0x00000000d6e00000)
  object space 333312K, 53% used [0x0000000084a00000,0x000000008f8a4968,0x0000000098f80000)
 Metaspace       used 44950K, capacity 45368K, committed 45696K, reserved 1089536K
  class space    used 6297K, capacity 6411K, committed 6528K, reserved 1048576K
}
Event: 39.473 GC heap before
{Heap before GC invocations=34 (full 4):
 PSYoungGen      total 472576K, used 448912K [0x00000000d6e00000, 0x00000000fae80000, 0x0000000100000000)
  eden space 413184K, 100% used [0x00000000d6e00000,0x00000000f0180000,0x00000000f0180000)
  from space 59392K, 60% used [0x00000000f0180000,0x00000000f2464328,0x00000000f3b80000)
  to   space 59904K, 0% used [0x00000000f7400000,0x00000000f7400000,0x00000000fae80000)
 ParOldGen       total 333312K, used 178834K [0x0000000084a00000, 0x0000000098f80000, 0x00000000d6e00000)
  object space 333312K, 53% used [0x0000000084a00000,0x000000008f8a4968,0x0000000098f80000)
 Metaspace       used 44951K, capacity 45368K, committed 45696K, reserved 1089536K
  class space    used 6298K, capacity 6411K, committed 6528K, reserved 1048576K
Event: 39.502 GC heap after
Heap after GC invocations=34 (full 4):
 PSYoungGen      total 523264K, used 54130K [0x00000000d6e00000, 0x00000000fbc80000, 0x0000000100000000)
  eden space 463360K, 0% used [0x00000000d6e00000,0x00000000d6e00000,0x00000000f3280000)
  from space 59904K, 90% used [0x00000000f7400000,0x00000000fa8dc940,0x00000000fae80000)
  to   space 67072K, 0% used [0x00000000f3280000,0x00000000f3280000,0x00000000f7400000)
 ParOldGen       total 333312K, used 178834K [0x0000000084a00000, 0x0000000098f80000, 0x00000000d6e00000)
  object space 333312K, 53% used [0x0000000084a00000,0x000000008f8a4968,0x0000000098f80000)
 Metaspace       used 44951K, capacity 45368K, committed 45696K, reserved 1089536K
  class space    used 6298K, capacity 6411K, committed 6528K, reserved 1048576K
}
Event: 41.764 GC heap before
{Heap before GC invocations=35 (full 4):
 PSYoungGen      total 523264K, used 517490K [0x00000000d6e00000, 0x00000000fbc80000, 0x0000000100000000)
  eden space 463360K, 100% used [0x00000000d6e00000,0x00000000f3280000,0x00000000f3280000)
  from space 59904K, 90% used [0x00000000f7400000,0x00000000fa8dc940,0x00000000fae80000)
  to   space 67072K, 0% used [0x00000000f3280000,0x00000000f3280000,0x00000000f7400000)
 ParOldGen       total 333312K, used 178834K [0x0000000084a00000, 0x0000000098f80000, 0x00000000d6e00000)
  object space 333312K, 53% used [0x0000000084a00000,0x000000008f8a4968,0x0000000098f80000)
 Metaspace       used 44972K, capacity 45368K, committed 45696K, reserved 1089536K
  class space    used 6298K, capacity 6411K, committed 6528K, reserved 1048576K
Event: 41.804 GC heap after
Heap after GC invocations=35 (full 4):
 PSYoungGen      total 530432K, used 67070K [0x00000000d6e00000, 0x0000000100000000, 0x0000000100000000)
  eden space 463360K, 0% used [0x00000000d6e00000,0x00000000d6e00000,0x00000000f3280000)
  from space 67072K, 99% used [0x00000000f3280000,0x00000000f73ffb90,0x00000000f7400000)
  to   space 79872K, 0% used [0x00000000fb200000,0x00000000fb200000,0x0000000100000000)
 ParOldGen       total 333312K, used 186602K [0x0000000084a00000, 0x0000000098f80000, 0x00000000d6e00000)
  object space 333312K, 55% used [0x0000000084a00000,0x000000009003abc8,0x0000000098f80000)
 Metaspace       used 44972K, capacity 45368K, committed 45696K, reserved 1089536K
  class space    used 6298K, capacity 6411K, committed 6528K, reserved 1048576K
}
Event: 44.011 GC heap before
{Heap before GC invocations=36 (full 4):
 PSYoungGen      total 530432K, used 530430K [0x00000000d6e00000, 0x0000000100000000, 0x0000000100000000)
  eden space 463360K, 100% used [0x00000000d6e00000,0x00000000f3280000,0x00000000f3280000)
  from space 67072K, 99% used [0x00000000f3280000,0x00000000f73ffb90,0x00000000f7400000)
  to   space 79872K, 0% used [0x00000000fb200000,0x00000000fb200000,0x0000000100000000)
 ParOldGen       total 333312K, used 186602K [0x0000000084a00000, 0x0000000098f80000, 0x00000000d6e00000)
  object space 333312K, 55% used [0x0000000084a00000,0x000000009003abc8,0x0000000098f80000)
 Metaspace       used 45002K, capacity 45432K, committed 45696K, reserved 1089536K
  class space    used 6298K, capacity 6411K, committed 6528K, reserved 1048576K
Event: 44.065 GC heap after
Heap after GC invocations=36 (full 4):
 PSYoungGen      total 560128K, used 79867K [0x00000000d6e00000, 0x0000000100000000, 0x0000000100000000)
  eden space 480256K, 0% used [0x00000000d6e00000,0x00000000d6e00000,0x00000000f4300000)
  from space 79872K, 99% used [0x00000000fb200000,0x00000000ffffed98,0x0000000100000000)
  to   space 96768K, 0% used [0x00000000f4300000,0x00000000f4300000,0x00000000fa180000)
 ParOldGen       total 333312K, used 198220K [0x0000000084a00000, 0x0000000098f80000, 0x00000000d6e00000)
  object space 333312K, 59% used [0x0000000084a00000,0x0000000090b93328,0x0000000098f80000)
 Metaspace       used 45002K, capacity 45432K, committed 45696K, reserved 1089536K
  class space    used 6298K, capacity 6411K, committed 6528K, reserved 1048576K
}

