# JRE version: Java(TM) SE Runtime Environment (8.0_91-b15) (build 1.8.0_91-b15)
# Java VM: Java HotSpot(TM) 64-Bit Server VM (25.91-b15 mixed mode windows-amd64 compressed oops)
Heap:
 PSYoungGen      total 588288K, used 64428K [0x00000000d6e00000, 0x0000000100000000, 0x0000000100000000)
  eden space 508928K, 1% used [0x00000000d6e00000,0x00000000d77d9eb8,0x00000000f5f00000)
  from space 79360K, 68% used [0x00000000fb280000,0x00000000fe7913d8,0x0000000100000000)
  to   space 82432K, 0% used [0x00000000f5f00000,0x00000000f5f00000,0x00000000faf80000)
 ParOldGen       total 297984K, used 251000K [0x0000000084a00000, 0x0000000096d00000, 0x00000000d6e00000)
  object space 297984K, 84% used [0x0000000084a00000,0x0000000093f1e0e0,0x0000000096d00000)
 Metaspace       used 45046K, capacity 45444K, committed 45696K, reserved 1089536K
  class space    used 6298K, capacity 6413K, committed 6528K, reserved 1048576K
GC Heap History (10 events):
Event: 39.622 GC heap before
{Heap before GC invocations=24 (full 4):
 PSYoungGen      total 492544K, used 440320K [0x00000000d6e00000, 0x00000000fd280000, 0x0000000100000000)
  eden space 440320K, 100% used [0x00000000d6e00000,0x00000000f1c00000,0x00000000f1c00000)
  from space 52224K, 0% used [0x00000000f1c00000,0x00000000f1c00000,0x00000000f4f00000)
  to   space 55808K, 0% used [0x00000000f9c00000,0x00000000f9c00000,0x00000000fd280000)
 ParOldGen       total 297984K, used 166139K [0x0000000084a00000, 0x0000000096d00000, 0x00000000d6e00000)
  object space 297984K, 55% used [0x0000000084a00000,0x000000008ec3ef60,0x0000000096d00000)
 Metaspace       used 44924K, capacity 45304K, committed 45696K, reserved 1089536K
  class space    used 6297K, capacity 6411K, committed 6528K, reserved 1048576K
Event: 39.644 GC heap after
Heap after GC invocations=24 (full 4):
 PSYoungGen      total 570368K, used 29558K [0x00000000d6e00000, 0x00000000fd100000, 0x0000000100000000)
  eden space 516096K, 0% used [0x00000000d6e00000,0x00000000d6e00000,0x00000000f6600000)
  from space 54272K, 54% used [0x00000000f9c00000,0x00000000fb8dd950,0x00000000fd100000)
  to   space 54784K, 0% used [0x00000000f6600000,0x00000000f6600000,0x00000000f9b80000)
 ParOldGen       total 297984K, used 166147K [0x0000000084a00000, 0x0000000096d00000, 0x00000000d6e00000)
  object space 297984K, 55% used [0x0000000084a00000,0x000000008ec40f60,0x0000000096d00000)
 Metaspace       used 44924K, capacity 45304K, committed 45696K, reserved 1089536K
  class space    used 6297K, capacity 6411K, committed 6528K, reserved 1048576K
}
Event: 42.905 GC heap before
{Heap before GC invocations=25 (full 4):
 PSYoungGen      total 570368K, used 545654K [0x00000000d6e00000, 0x00000000fd100000, 0x0000000100000000)
  eden space 516096K, 100% used [0x00000000d6e00000,0x00000000f6600000,0x00000000f6600000)
  from space 54272K, 54% used [0x00000000f9c00000,0x00000000fb8dd950,0x00000000fd100000)
  to   space 54784K, 0% used [0x00000000f6600000,0x00000000f6600000,0x00000000f9b80000)
 ParOldGen       total 297984K, used 166147K [0x0000000084a00000, 0x0000000096d00000, 0x00000000d6e00000)
  object space 297984K, 55% used [0x0000000084a00000,0x000000008ec40f60,0x0000000096d00000)
 Metaspace       used 44941K, capacity 45304K, committed 45696K, reserved 1089536K
  class space    used 6297K, capacity 6411K, committed 6528K, reserved 1048576K
Event: 42.941 GC heap after
Heap after GC invocations=25 (full 4):
 PSYoungGen      total 570880K, used 54778K [0x00000000d6e00000, 0x0000000100000000, 0x0000000100000000)
  eden space 516096K, 0% used [0x00000000d6e00000,0x00000000d6e00000,0x00000000f6600000)
  from space 54784K, 99% used [0x00000000f6600000,0x00000000f9b7e8e8,0x00000000f9b80000)
  to   space 63488K, 0% used [0x00000000fc200000,0x00000000fc200000,0x0000000100000000)
 ParOldGen       total 297984K, used 167294K [0x0000000084a00000, 0x0000000096d00000, 0x00000000d6e00000)
  object space 297984K, 56% used [0x0000000084a00000,0x000000008ed5f8c0,0x0000000096d00000)
 Metaspace       used 44941K, capacity 45304K, committed 45696K, reserved 1089536K
  class space    used 6297K, capacity 6411K, committed 6528K, reserved 1048576K
}
Event: 45.710 GC heap before
{Heap before GC invocations=26 (full 4):
 PSYoungGen      total 570880K, used 570874K [0x00000000d6e00000, 0x0000000100000000, 0x0000000100000000)
  eden space 516096K, 100% used [0x00000000d6e00000,0x00000000f6600000,0x00000000f6600000)
  from space 54784K, 99% used [0x00000000f6600000,0x00000000f9b7e8e8,0x00000000f9b80000)
  to   space 63488K, 0% used [0x00000000fc200000,0x00000000fc200000,0x0000000100000000)
 ParOldGen       total 297984K, used 167294K [0x0000000084a00000, 0x0000000096d00000, 0x00000000d6e00000)
  object space 297984K, 56% used [0x0000000084a00000,0x000000008ed5f8c0,0x0000000096d00000)
 Metaspace       used 44953K, capacity 45304K, committed 45696K, reserved 1089536K
  class space    used 6297K, capacity 6411K, committed 6528K, reserved 1048576K
Event: 45.756 GC heap after
Heap after GC invocations=26 (full 4):
 PSYoungGen      total 576512K, used 63456K [0x00000000d6e00000, 0x0000000100000000, 0x0000000100000000)
  eden space 513024K, 0% used [0x00000000d6e00000,0x00000000d6e00000,0x00000000f6300000)
  from space 63488K, 99% used [0x00000000fc200000,0x00000000ffff81d8,0x0000000100000000)
  to   space 80384K, 0% used [0x00000000f6300000,0x00000000f6300000,0x00000000fb180000)
 ParOldGen       total 297984K, used 185600K [0x0000000084a00000, 0x0000000096d00000, 0x00000000d6e00000)
  object space 297984K, 62% used [0x0000000084a00000,0x000000008ff400e0,0x0000000096d00000)
 Metaspace       used 44953K, capacity 45304K, committed 45696K, reserved 1089536K
  class space    used 6297K, capacity 6411K, committed 6528K, reserved 1048576K
}
Event: 48.589 GC heap before
{Heap before GC invocations=27 (full 4):
 PSYoungGen      total 576512K, used 576480K [0x00000000d6e00000, 0x0000000100000000, 0x0000000100000000)
  eden space 513024K, 100% used [0x00000000d6e00000,0x00000000f6300000,0x00000000f6300000)
  from space 63488K, 99% used [0x00000000fc200000,0x00000000ffff81d8,0x0000000100000000)
  to   space 80384K, 0% used [0x00000000f6300000,0x00000000f6300000,0x00000000fb180000)
 ParOldGen       total 297984K, used 185600K [0x0000000084a00000, 0x0000000096d00000, 0x00000000d6e00000)
  object space 297984K, 62% used [0x0000000084a00000,0x000000008ff400e0,0x0000000096d00000)
 Metaspace       used 45037K, capacity 45444K, committed 45696K, reserved 1089536K
  class space    used 6298K, capacity 6413K, committed 6528K, reserved 1048576K
Event: 48.636 GC heap after
Heap after GC invocations=27 (full 4):
 PSYoungGen      total 593408K, used 43682K [0x00000000d6e00000, 0x0000000100000000, 0x0000000100000000)
  eden space 513024K, 0% used [0x00000000d6e00000,0x00000000d6e00000,0x00000000f6300000)
  from space 80384K, 54% used [0x00000000f6300000,0x00000000f8da8948,0x00000000fb180000)
  to   space 79360K, 0% used [0x00000000fb280000,0x00000000fb280000,0x0000000100000000)
 ParOldGen       total 297984K, used 237760K [0x0000000084a00000, 0x0000000096d00000, 0x00000000d6e00000)
  object space 297984K, 79% used [0x0000000084a00000,0x00000000932300e0,0x0000000096d00000)
 Metaspace       used 45037K, capacity 45444K, committed 45696K, reserved 1089536K
  class space    used 6298K, capacity 6413K, committed 6528K, reserved 1048576K
}
Event: 51.493 GC heap before
{Heap before GC invocations=28 (full 4):
 PSYoungGen      total 593408K, used 556706K [0x00000000d6e00000, 0x0000000100000000, 0x0000000100000000)
  eden space 513024K, 100% used [0x00000000d6e00000,0x00000000f6300000,0x00000000f6300000)
  from space 80384K, 54% used [0x00000000f6300000,0x00000000f8da8948,0x00000000fb180000)
  to   space 79360K, 0% used [0x00000000fb280000,0x00000000fb280000,0x0000000100000000)
 ParOldGen       total 297984K, used 237760K [0x0000000084a00000, 0x0000000096d00000, 0x00000000d6e00000)
  object space 297984K, 79% used [0x0000000084a00000,0x00000000932300e0,0x0000000096d00000)
 Metaspace       used 45046K, capacity 45444K, committed 45696K, reserved 1089536K
  class space    used 6298K, capacity 6413K, committed 6528K, reserved 1048576K
Event: 51.539 GC heap after
Heap after GC invocations=28 (full 4):
 PSYoungGen      total 588288K, used 54340K [0x00000000d6e00000, 0x0000000100000000, 0x0000000100000000)
  eden space 508928K, 0% used [0x00000000d6e00000,0x00000000d6e00000,0x00000000f5f00000)
  from space 79360K, 68% used [0x00000000fb280000,0x00000000fe7913d8,0x0000000100000000)
  to   space 82432K, 0% used [0x00000000f5f00000,0x00000000f5f00000,0x00000000faf80000)
 ParOldGen       total 297984K, used 251000K [0x0000000084a00000, 0x0000000096d00000, 0x00000000d6e00000)
  object space 297984K, 84% used [0x0000000084a00000,0x0000000093f1e0e0,0x0000000096d00000)
 Metaspace       used 45046K, capacity 45444K, committed 45696K, reserved 1089536K
  class space    used 6298K, capacity 6413K, committed 6528K, reserved 1048576K
}

